<?xml version="1.0" encoding="UTF-8"?>
<testng-results skipped="0" failed="0" ignored="0" total="1" passed="1">
  <reporter-output>
  </reporter-output>
  <suite name="Suite" duration-ms="4971" started-at="2020-08-27T19:42:33Z" finished-at="2020-08-27T19:42:38Z">
    <groups>
      <group name="cucumber">
        <method signature="AbstractTestNGCucumberTests.feature(cucumber.api.testng.CucumberFeatureWrapper)[pri:0, instance:cucumber.test.TestRunner@3ba9ad43]" name="feature" class="cucumber.api.testng.AbstractTestNGCucumberTests"/>
      </group> <!-- cucumber -->
    </groups>
    <test name="Automation Cucumber Test" duration-ms="4971" started-at="2020-08-27T19:42:33Z" finished-at="2020-08-27T19:42:38Z">
      <class name="cucumber.test.TestRunner">
        <test-method status="PASS" signature="setUpClass()[pri:0, instance:cucumber.test.TestRunner@3ba9ad43]" name="setUpClass" is-config="true" duration-ms="277" started-at="2020-08-27T19:42:33Z" finished-at="2020-08-27T19:42:33Z">
          <reporter-output>
          </reporter-output>
        </test-method> <!-- setUpClass -->
        <test-method status="PASS" signature="setUpSuite()[pri:0, instance:cucumber.test.TestRunner@3ba9ad43]" name="setUpSuite" is-config="true" duration-ms="0" started-at="2020-08-27T19:42:33Z" finished-at="2020-08-27T19:42:33Z">
          <reporter-output>
          </reporter-output>
        </test-method> <!-- setUpSuite -->
        <test-method status="PASS" signature="feature(cucumber.api.testng.CucumberFeatureWrapper)[pri:0, instance:cucumber.test.TestRunner@3ba9ad43]" name="feature" duration-ms="4560" started-at="2020-08-27T19:42:33Z" description="Runs Cucumber Feature" data-provider="features" finished-at="2020-08-27T19:42:38Z">
          <params>
            <param index="0">
              <value>
                <![CDATA[API Validation]]>
              </value>
            </param>
          </params>
          <reporter-output>
          </reporter-output>
        </test-method> <!-- feature -->
        <test-method status="PASS" signature="tearDownClass()[pri:0, instance:cucumber.test.TestRunner@3ba9ad43]" name="tearDownClass" is-config="true" duration-ms="22" started-at="2020-08-27T19:42:38Z" finished-at="2020-08-27T19:42:38Z">
          <reporter-output>
          </reporter-output>
        </test-method> <!-- tearDownClass -->
      </class> <!-- cucumber.test.TestRunner -->
    </test> <!-- Automation Cucumber Test -->
  </suite> <!-- Suite -->
</testng-results>
