<?xml version="1.0" encoding="UTF-8"?>
<testng-results skipped="0" failed="0" ignored="0" total="1" passed="1">
  <reporter-output>
  </reporter-output>
  <suite name="Suite" duration-ms="22710" started-at="2020-08-27T17:02:06Z" finished-at="2020-08-27T17:02:28Z">
    <groups>
      <group name="cucumber">
        <method signature="AbstractTestNGCucumberTests.feature(cucumber.api.testng.CucumberFeatureWrapper)[pri:0, instance:cucumber.test.TestRunner@3aefe5e5]" name="feature" class="cucumber.api.testng.AbstractTestNGCucumberTests"/>
      </group> <!-- cucumber -->
    </groups>
    <test name="Automation Cucumber Test" duration-ms="22710" started-at="2020-08-27T17:02:06Z" finished-at="2020-08-27T17:02:28Z">
      <class name="cucumber.test.TestRunner">
        <test-method status="PASS" signature="setUpClass()[pri:0, instance:cucumber.test.TestRunner@3aefe5e5]" name="setUpClass" is-config="true" duration-ms="188" started-at="2020-08-27T17:02:06Z" finished-at="2020-08-27T17:02:06Z">
          <reporter-output>
          </reporter-output>
        </test-method> <!-- setUpClass -->
        <test-method status="PASS" signature="setUpSuite()[pri:0, instance:cucumber.test.TestRunner@3aefe5e5]" name="setUpSuite" is-config="true" duration-ms="1" started-at="2020-08-27T17:02:06Z" finished-at="2020-08-27T17:02:06Z">
          <reporter-output>
          </reporter-output>
        </test-method> <!-- setUpSuite -->
        <test-method status="PASS" signature="feature(cucumber.api.testng.CucumberFeatureWrapper)[pri:0, instance:cucumber.test.TestRunner@3aefe5e5]" name="feature" duration-ms="22412" started-at="2020-08-27T17:02:06Z" description="Runs Cucumber Feature" data-provider="features" finished-at="2020-08-27T17:02:28Z">
          <params>
            <param index="0">
              <value>
                <![CDATA[Flight Booking validation in Blaze Portal]]>
              </value>
            </param>
          </params>
          <reporter-output>
          </reporter-output>
        </test-method> <!-- feature -->
        <test-method status="PASS" signature="tearDownClass()[pri:0, instance:cucumber.test.TestRunner@3aefe5e5]" name="tearDownClass" is-config="true" duration-ms="15" started-at="2020-08-27T17:02:28Z" finished-at="2020-08-27T17:02:28Z">
          <reporter-output>
          </reporter-output>
        </test-method> <!-- tearDownClass -->
      </class> <!-- cucumber.test.TestRunner -->
    </test> <!-- Automation Cucumber Test -->
  </suite> <!-- Suite -->
</testng-results>
